<?xml version="1.0" encoding="UTF-8"?>
<testsuite xmlns:xsi="http://www.w3.org/2001/XMLSchema-instance" xsi:noNamespaceSchemaLocation="https://maven.apache.org/surefire/maven-surefire-plugin/xsd/surefire-test-report.xsd" name="com.example.demo.ApplicationTests" time="9.177" tests="1" errors="0" skipped="0" failures="0">
  <properties>
    <property name="sun.desktop" value="windows"/>
    <property name="awt.toolkit" value="sun.awt.windows.WToolkit"/>
    <property name="file.encoding.pkg" value="sun.io"/>
    <property name="java.specification.version" value="1.8"/>
    <property name="sun.cpu.isalist" value="amd64"/>
    <property name="sun.jnu.encoding" value="GBK"/>
    <property name="java.class.path" value="E:\javaProject\MySpringBoot\target\test-classes;E:\javaProject\MySpringBoot\target\classes;E:\java\JavaWeb\Repository\junit\junit\4.12\junit-4.12.jar;E:\java\JavaWeb\Repository\org\hamcrest\hamcrest-core\2.2\hamcrest-core-2.2.jar;E:\java\JavaWeb\Repository\org\springframework\boot\spring-boot-starter\2.4.5\spring-boot-starter-2.4.5.jar;E:\java\JavaWeb\Repository\org\springframework\boot\spring-boot\2.4.5\spring-boot-2.4.5.jar;E:\java\JavaWeb\Repository\org\springframework\spring-context\5.3.6\spring-context-5.3.6.jar;E:\java\JavaWeb\Repository\org\springframework\boot\spring-boot-autoconfigure\2.4.5\spring-boot-autoconfigure-2.4.5.jar;E:\java\JavaWeb\Repository\org\springframework\boot\spring-boot-starter-logging\2.4.5\spring-boot-starter-logging-2.4.5.jar;E:\java\JavaWeb\Repository\ch\qos\logback\logback-classic\1.2.3\logback-classic-1.2.3.jar;E:\java\JavaWeb\Repository\ch\qos\logback\logback-core\1.2.3\logback-core-1.2.3.jar;E:\java\JavaWeb\Repository\org\apache\logging\log4j\log4j-to-slf4j\2.13.3\log4j-to-slf4j-2.13.3.jar;E:\java\JavaWeb\Repository\org\apache\logging\log4j\log4j-api\2.13.3\log4j-api-2.13.3.jar;E:\java\JavaWeb\Repository\org\slf4j\jul-to-slf4j\1.7.30\jul-to-slf4j-1.7.30.jar;E:\java\JavaWeb\Repository\jakarta\annotation\jakarta.annotation-api\1.3.5\jakarta.annotation-api-1.3.5.jar;E:\java\JavaWeb\Repository\org\springframework\spring-core\5.3.6\spring-core-5.3.6.jar;E:\java\JavaWeb\Repository\org\springframework\spring-jcl\5.3.6\spring-jcl-5.3.6.jar;E:\java\JavaWeb\Repository\org\yaml\snakeyaml\1.27\snakeyaml-1.27.jar;E:\java\JavaWeb\Repository\org\springframework\boot\spring-boot-starter-web\2.4.5\spring-boot-starter-web-2.4.5.jar;E:\java\JavaWeb\Repository\org\springframework\boot\spring-boot-starter-json\2.4.5\spring-boot-starter-json-2.4.5.jar;E:\java\JavaWeb\Repository\com\fasterxml\jackson\core\jackson-databind\2.11.4\jackson-databind-2.11.4.jar;E:\java\JavaWeb\Repository\com\fasterxml\jackson\core\jackson-annotations\2.11.4\jackson-annotations-2.11.4.jar;E:\java\JavaWeb\Repository\com\fasterxml\jackson\core\jackson-core\2.11.4\jackson-core-2.11.4.jar;E:\java\JavaWeb\Repository\com\fasterxml\jackson\datatype\jackson-datatype-jdk8\2.11.4\jackson-datatype-jdk8-2.11.4.jar;E:\java\JavaWeb\Repository\com\fasterxml\jackson\datatype\jackson-datatype-jsr310\2.11.4\jackson-datatype-jsr310-2.11.4.jar;E:\java\JavaWeb\Repository\com\fasterxml\jackson\module\jackson-module-parameter-names\2.11.4\jackson-module-parameter-names-2.11.4.jar;E:\java\JavaWeb\Repository\org\springframework\spring-web\5.3.6\spring-web-5.3.6.jar;E:\java\JavaWeb\Repository\org\springframework\spring-beans\5.3.6\spring-beans-5.3.6.jar;E:\java\JavaWeb\Repository\org\springframework\spring-webmvc\5.3.6\spring-webmvc-5.3.6.jar;E:\java\JavaWeb\Repository\org\springframework\spring-expression\5.3.6\spring-expression-5.3.6.jar;E:\java\JavaWeb\Repository\org\springframework\boot\spring-boot-starter-test\2.4.5\spring-boot-starter-test-2.4.5.jar;E:\java\JavaWeb\Repository\org\springframework\boot\spring-boot-test\2.4.5\spring-boot-test-2.4.5.jar;E:\java\JavaWeb\Repository\org\springframework\boot\spring-boot-test-autoconfigure\2.4.5\spring-boot-test-autoconfigure-2.4.5.jar;E:\java\JavaWeb\Repository\com\jayway\jsonpath\json-path\2.4.0\json-path-2.4.0.jar;E:\java\JavaWeb\Repository\net\minidev\json-smart\2.3\json-smart-2.3.jar;E:\java\JavaWeb\Repository\net\minidev\accessors-smart\1.2\accessors-smart-1.2.jar;E:\java\JavaWeb\Repository\org\ow2\asm\asm\5.0.4\asm-5.0.4.jar;E:\java\JavaWeb\Repository\org\slf4j\slf4j-api\1.7.30\slf4j-api-1.7.30.jar;E:\java\JavaWeb\Repository\jakarta\xml\bind\jakarta.xml.bind-api\2.3.3\jakarta.xml.bind-api-2.3.3.jar;E:\java\JavaWeb\Repository\jakarta\activation\jakarta.activation-api\1.2.2\jakarta.activation-api-1.2.2.jar;E:\java\JavaWeb\Repository\org\assertj\assertj-core\3.18.1\assertj-core-3.18.1.jar;E:\java\JavaWeb\Repository\org\hamcrest\hamcrest\2.2\hamcrest-2.2.jar;E:\java\JavaWeb\Repository\org\junit\jupiter\junit-jupiter\5.7.1\junit-jupiter-5.7.1.jar;E:\java\JavaWeb\Repository\org\junit\jupiter\junit-jupiter-api\5.7.1\junit-jupiter-api-5.7.1.jar;E:\java\JavaWeb\Repository\org\apiguardian\apiguardian-api\1.1.0\apiguardian-api-1.1.0.jar;E:\java\JavaWeb\Repository\org\opentest4j\opentest4j\1.2.0\opentest4j-1.2.0.jar;E:\java\JavaWeb\Repository\org\junit\platform\junit-platform-commons\1.7.1\junit-platform-commons-1.7.1.jar;E:\java\JavaWeb\Repository\org\junit\jupiter\junit-jupiter-params\5.7.1\junit-jupiter-params-5.7.1.jar;E:\java\JavaWeb\Repository\org\junit\jupiter\junit-jupiter-engine\5.7.1\junit-jupiter-engine-5.7.1.jar;E:\java\JavaWeb\Repository\org\junit\platform\junit-platform-engine\1.7.1\junit-platform-engine-1.7.1.jar;E:\java\JavaWeb\Repository\org\mockito\mockito-core\3.6.28\mockito-core-3.6.28.jar;E:\java\JavaWeb\Repository\net\bytebuddy\byte-buddy\1.10.22\byte-buddy-1.10.22.jar;E:\java\JavaWeb\Repository\net\bytebuddy\byte-buddy-agent\1.10.22\byte-buddy-agent-1.10.22.jar;E:\java\JavaWeb\Repository\org\objenesis\objenesis\3.1\objenesis-3.1.jar;E:\java\JavaWeb\Repository\org\mockito\mockito-junit-jupiter\3.6.28\mockito-junit-jupiter-3.6.28.jar;E:\java\JavaWeb\Repository\org\skyscreamer\jsonassert\1.5.0\jsonassert-1.5.0.jar;E:\java\JavaWeb\Repository\com\vaadin\external\google\android-json\0.0.20131108.vaadin1\android-json-0.0.20131108.vaadin1.jar;E:\java\JavaWeb\Repository\org\springframework\spring-test\5.3.6\spring-test-5.3.6.jar;E:\java\JavaWeb\Repository\org\xmlunit\xmlunit-core\2.7.0\xmlunit-core-2.7.0.jar;E:\java\JavaWeb\Repository\org\springframework\boot\spring-boot-devtools\2.3.4.RELEASE\spring-boot-devtools-2.3.4.RELEASE.jar;E:\java\JavaWeb\Repository\org\springframework\boot\spring-boot-starter-aop\2.3.4.RELEASE\spring-boot-starter-aop-2.3.4.RELEASE.jar;E:\java\JavaWeb\Repository\org\springframework\spring-aop\5.3.6\spring-aop-5.3.6.jar;E:\java\JavaWeb\Repository\org\aspectj\aspectjweaver\1.9.6\aspectjweaver-1.9.6.jar;E:\java\JavaWeb\Repository\org\springframework\boot\spring-boot-configuration-processor\2.3.4.RELEASE\spring-boot-configuration-processor-2.3.4.RELEASE.jar;E:\java\JavaWeb\Repository\jstl\jstl\1.2\jstl-1.2.jar;E:\java\JavaWeb\Repository\org\springframework\boot\spring-boot-starter-tomcat\2.4.5\spring-boot-starter-tomcat-2.4.5.jar;E:\java\JavaWeb\Repository\org\apache\tomcat\embed\tomcat-embed-core\9.0.45\tomcat-embed-core-9.0.45.jar;E:\java\JavaWeb\Repository\org\glassfish\jakarta.el\3.0.3\jakarta.el-3.0.3.jar;E:\java\JavaWeb\Repository\org\apache\tomcat\embed\tomcat-embed-websocket\9.0.45\tomcat-embed-websocket-9.0.45.jar;E:\java\JavaWeb\Repository\org\apache\tomcat\embed\tomcat-embed-jasper\9.0.45\tomcat-embed-jasper-9.0.45.jar;E:\java\JavaWeb\Repository\org\apache\tomcat\embed\tomcat-embed-el\9.0.45\tomcat-embed-el-9.0.45.jar;E:\java\JavaWeb\Repository\org\eclipse\jdt\ecj\3.18.0\ecj-3.18.0.jar;E:\java\JavaWeb\Repository\org\projectlombok\lombok\1.18.12\lombok-1.18.12.jar;E:\java\JavaWeb\Repository\mysql\mysql-connector-java\5.1.48\mysql-connector-java-5.1.48.jar;E:\java\JavaWeb\Repository\com\alibaba\druid\1.1.10\druid-1.1.10.jar;E:\java\JavaWeb\Repository\org\mybatis\spring\boot\mybatis-spring-boot-starter\2.1.4\mybatis-spring-boot-starter-2.1.4.jar;E:\java\JavaWeb\Repository\org\springframework\boot\spring-boot-starter-jdbc\2.4.5\spring-boot-starter-jdbc-2.4.5.jar;E:\java\JavaWeb\Repository\com\zaxxer\HikariCP\3.4.5\HikariCP-3.4.5.jar;E:\java\JavaWeb\Repository\org\springframework\spring-jdbc\5.3.6\spring-jdbc-5.3.6.jar;E:\java\JavaWeb\Repository\org\springframework\spring-tx\5.3.6\spring-tx-5.3.6.jar;E:\java\JavaWeb\Repository\org\mybatis\spring\boot\mybatis-spring-boot-autoconfigure\2.1.4\mybatis-spring-boot-autoconfigure-2.1.4.jar;E:\java\JavaWeb\Repository\org\mybatis\mybatis\3.5.6\mybatis-3.5.6.jar;E:\java\JavaWeb\Repository\org\mybatis\mybatis-spring\2.0.6\mybatis-spring-2.0.6.jar;"/>
    <property name="java.vm.vendor" value="Oracle Corporation"/>
    <property name="sun.arch.data.model" value="64"/>
    <property name="user.variant" value=""/>
    <property name="java.vendor.url" value="http://java.oracle.com/"/>
    <property name="user.timezone" value="Asia/Shanghai"/>
    <property name="java.vm.specification.version" value="1.8"/>
    <property name="os.name" value="Windows 10"/>
    <property name="user.country" value="CN"/>
    <property name="sun.java.launcher" value="SUN_STANDARD"/>
    <property name="sun.boot.library.path" value="C:\Program Files\Java\jdk1.8.0_121\jre\bin"/>
    <property name="sun.java.command" value="C:\Users\Lenovo\AppData\Local\Temp\surefire2855018569614392976\surefirebooter70702538207495785.jar C:\Users\Lenovo\AppData\Local\Temp\surefire2855018569614392976 2021-05-24T08-35-11_185-jvmRun1 surefire8708002414839279792tmp surefire_03503064159694809024tmp"/>
    <property name="surefire.test.class.path" value="E:\javaProject\MySpringBoot\target\test-classes;E:\javaProject\MySpringBoot\target\classes;E:\java\JavaWeb\Repository\junit\junit\4.12\junit-4.12.jar;E:\java\JavaWeb\Repository\org\hamcrest\hamcrest-core\2.2\hamcrest-core-2.2.jar;E:\java\JavaWeb\Repository\org\springframework\boot\spring-boot-starter\2.4.5\spring-boot-starter-2.4.5.jar;E:\java\JavaWeb\Repository\org\springframework\boot\spring-boot\2.4.5\spring-boot-2.4.5.jar;E:\java\JavaWeb\Repository\org\springframework\spring-context\5.3.6\spring-context-5.3.6.jar;E:\java\JavaWeb\Repository\org\springframework\boot\spring-boot-autoconfigure\2.4.5\spring-boot-autoconfigure-2.4.5.jar;E:\java\JavaWeb\Repository\org\springframework\boot\spring-boot-starter-logging\2.4.5\spring-boot-starter-logging-2.4.5.jar;E:\java\JavaWeb\Repository\ch\qos\logback\logback-classic\1.2.3\logback-classic-1.2.3.jar;E:\java\JavaWeb\Repository\ch\qos\logback\logback-core\1.2.3\logback-core-1.2.3.jar;E:\java\JavaWeb\Repository\org\apache\logging\log4j\log4j-to-slf4j\2.13.3\log4j-to-slf4j-2.13.3.jar;E:\java\JavaWeb\Repository\org\apache\logging\log4j\log4j-api\2.13.3\log4j-api-2.13.3.jar;E:\java\JavaWeb\Repository\org\slf4j\jul-to-slf4j\1.7.30\jul-to-slf4j-1.7.30.jar;E:\java\JavaWeb\Repository\jakarta\annotation\jakarta.annotation-api\1.3.5\jakarta.annotation-api-1.3.5.jar;E:\java\JavaWeb\Repository\org\springframework\spring-core\5.3.6\spring-core-5.3.6.jar;E:\java\JavaWeb\Repository\org\springframework\spring-jcl\5.3.6\spring-jcl-5.3.6.jar;E:\java\JavaWeb\Repository\org\yaml\snakeyaml\1.27\snakeyaml-1.27.jar;E:\java\JavaWeb\Repository\org\springframework\boot\spring-boot-starter-web\2.4.5\spring-boot-starter-web-2.4.5.jar;E:\java\JavaWeb\Repository\org\springframework\boot\spring-boot-starter-json\2.4.5\spring-boot-starter-json-2.4.5.jar;E:\java\JavaWeb\Repository\com\fasterxml\jackson\core\jackson-databind\2.11.4\jackson-databind-2.11.4.jar;E:\java\JavaWeb\Repository\com\fasterxml\jackson\core\jackson-annotations\2.11.4\jackson-annotations-2.11.4.jar;E:\java\JavaWeb\Repository\com\fasterxml\jackson\core\jackson-core\2.11.4\jackson-core-2.11.4.jar;E:\java\JavaWeb\Repository\com\fasterxml\jackson\datatype\jackson-datatype-jdk8\2.11.4\jackson-datatype-jdk8-2.11.4.jar;E:\java\JavaWeb\Repository\com\fasterxml\jackson\datatype\jackson-datatype-jsr310\2.11.4\jackson-datatype-jsr310-2.11.4.jar;E:\java\JavaWeb\Repository\com\fasterxml\jackson\module\jackson-module-parameter-names\2.11.4\jackson-module-parameter-names-2.11.4.jar;E:\java\JavaWeb\Repository\org\springframework\spring-web\5.3.6\spring-web-5.3.6.jar;E:\java\JavaWeb\Repository\org\springframework\spring-beans\5.3.6\spring-beans-5.3.6.jar;E:\java\JavaWeb\Repository\org\springframework\spring-webmvc\5.3.6\spring-webmvc-5.3.6.jar;E:\java\JavaWeb\Repository\org\springframework\spring-expression\5.3.6\spring-expression-5.3.6.jar;E:\java\JavaWeb\Repository\org\springframework\boot\spring-boot-starter-test\2.4.5\spring-boot-starter-test-2.4.5.jar;E:\java\JavaWeb\Repository\org\springframework\boot\spring-boot-test\2.4.5\spring-boot-test-2.4.5.jar;E:\java\JavaWeb\Repository\org\springframework\boot\spring-boot-test-autoconfigure\2.4.5\spring-boot-test-autoconfigure-2.4.5.jar;E:\java\JavaWeb\Repository\com\jayway\jsonpath\json-path\2.4.0\json-path-2.4.0.jar;E:\java\JavaWeb\Repository\net\minidev\json-smart\2.3\json-smart-2.3.jar;E:\java\JavaWeb\Repository\net\minidev\accessors-smart\1.2\accessors-smart-1.2.jar;E:\java\JavaWeb\Repository\org\ow2\asm\asm\5.0.4\asm-5.0.4.jar;E:\java\JavaWeb\Repository\org\slf4j\slf4j-api\1.7.30\slf4j-api-1.7.30.jar;E:\java\JavaWeb\Repository\jakarta\xml\bind\jakarta.xml.bind-api\2.3.3\jakarta.xml.bind-api-2.3.3.jar;E:\java\JavaWeb\Repository\jakarta\activation\jakarta.activation-api\1.2.2\jakarta.activation-api-1.2.2.jar;E:\java\JavaWeb\Repository\org\assertj\assertj-core\3.18.1\assertj-core-3.18.1.jar;E:\java\JavaWeb\Repository\org\hamcrest\hamcrest\2.2\hamcrest-2.2.jar;E:\java\JavaWeb\Repository\org\junit\jupiter\junit-jupiter\5.7.1\junit-jupiter-5.7.1.jar;E:\java\JavaWeb\Repository\org\junit\jupiter\junit-jupiter-api\5.7.1\junit-jupiter-api-5.7.1.jar;E:\java\JavaWeb\Repository\org\apiguardian\apiguardian-api\1.1.0\apiguardian-api-1.1.0.jar;E:\java\JavaWeb\Repository\org\opentest4j\opentest4j\1.2.0\opentest4j-1.2.0.jar;E:\java\JavaWeb\Repository\org\junit\platform\junit-platform-commons\1.7.1\junit-platform-commons-1.7.1.jar;E:\java\JavaWeb\Repository\org\junit\jupiter\junit-jupiter-params\5.7.1\junit-jupiter-params-5.7.1.jar;E:\java\JavaWeb\Repository\org\junit\jupiter\junit-jupiter-engine\5.7.1\junit-jupiter-engine-5.7.1.jar;E:\java\JavaWeb\Repository\org\junit\platform\junit-platform-engine\1.7.1\junit-platform-engine-1.7.1.jar;E:\java\JavaWeb\Repository\org\mockito\mockito-core\3.6.28\mockito-core-3.6.28.jar;E:\java\JavaWeb\Repository\net\bytebuddy\byte-buddy\1.10.22\byte-buddy-1.10.22.jar;E:\java\JavaWeb\Repository\net\bytebuddy\byte-buddy-agent\1.10.22\byte-buddy-agent-1.10.22.jar;E:\java\JavaWeb\Repository\org\objenesis\objenesis\3.1\objenesis-3.1.jar;E:\java\JavaWeb\Repository\org\mockito\mockito-junit-jupiter\3.6.28\mockito-junit-jupiter-3.6.28.jar;E:\java\JavaWeb\Repository\org\skyscreamer\jsonassert\1.5.0\jsonassert-1.5.0.jar;E:\java\JavaWeb\Repository\com\vaadin\external\google\android-json\0.0.20131108.vaadin1\android-json-0.0.20131108.vaadin1.jar;E:\java\JavaWeb\Repository\org\springframework\spring-test\5.3.6\spring-test-5.3.6.jar;E:\java\JavaWeb\Repository\org\xmlunit\xmlunit-core\2.7.0\xmlunit-core-2.7.0.jar;E:\java\JavaWeb\Repository\org\springframework\boot\spring-boot-devtools\2.3.4.RELEASE\spring-boot-devtools-2.3.4.RELEASE.jar;E:\java\JavaWeb\Repository\org\springframework\boot\spring-boot-starter-aop\2.3.4.RELEASE\spring-boot-starter-aop-2.3.4.RELEASE.jar;E:\java\JavaWeb\Repository\org\springframework\spring-aop\5.3.6\spring-aop-5.3.6.jar;E:\java\JavaWeb\Repository\org\aspectj\aspectjweaver\1.9.6\aspectjweaver-1.9.6.jar;E:\java\JavaWeb\Repository\org\springframework\boot\spring-boot-configuration-processor\2.3.4.RELEASE\spring-boot-configuration-processor-2.3.4.RELEASE.jar;E:\java\JavaWeb\Repository\jstl\jstl\1.2\jstl-1.2.jar;E:\java\JavaWeb\Repository\org\springframework\boot\spring-boot-starter-tomcat\2.4.5\spring-boot-starter-tomcat-2.4.5.jar;E:\java\JavaWeb\Repository\org\apache\tomcat\embed\tomcat-embed-core\9.0.45\tomcat-embed-core-9.0.45.jar;E:\java\JavaWeb\Repository\org\glassfish\jakarta.el\3.0.3\jakarta.el-3.0.3.jar;E:\java\JavaWeb\Repository\org\apache\tomcat\embed\tomcat-embed-websocket\9.0.45\tomcat-embed-websocket-9.0.45.jar;E:\java\JavaWeb\Repository\org\apache\tomcat\embed\tomcat-embed-jasper\9.0.45\tomcat-embed-jasper-9.0.45.jar;E:\java\JavaWeb\Repository\org\apache\tomcat\embed\tomcat-embed-el\9.0.45\tomcat-embed-el-9.0.45.jar;E:\java\JavaWeb\Repository\org\eclipse\jdt\ecj\3.18.0\ecj-3.18.0.jar;E:\java\JavaWeb\Repository\org\projectlombok\lombok\1.18.12\lombok-1.18.12.jar;E:\java\JavaWeb\Repository\mysql\mysql-connector-java\5.1.48\mysql-connector-java-5.1.48.jar;E:\java\JavaWeb\Repository\com\alibaba\druid\1.1.10\druid-1.1.10.jar;E:\java\JavaWeb\Repository\org\mybatis\spring\boot\mybatis-spring-boot-starter\2.1.4\mybatis-spring-boot-starter-2.1.4.jar;E:\java\JavaWeb\Repository\org\springframework\boot\spring-boot-starter-jdbc\2.4.5\spring-boot-starter-jdbc-2.4.5.jar;E:\java\JavaWeb\Repository\com\zaxxer\HikariCP\3.4.5\HikariCP-3.4.5.jar;E:\java\JavaWeb\Repository\org\springframework\spring-jdbc\5.3.6\spring-jdbc-5.3.6.jar;E:\java\JavaWeb\Repository\org\springframework\spring-tx\5.3.6\spring-tx-5.3.6.jar;E:\java\JavaWeb\Repository\org\mybatis\spring\boot\mybatis-spring-boot-autoconfigure\2.1.4\mybatis-spring-boot-autoconfigure-2.1.4.jar;E:\java\JavaWeb\Repository\org\mybatis\mybatis\3.5.6\mybatis-3.5.6.jar;E:\java\JavaWeb\Repository\org\mybatis\mybatis-spring\2.0.6\mybatis-spring-2.0.6.jar;"/>
    <property name="sun.cpu.endian" value="little"/>
    <property name="user.home" value="C:\Users\Lenovo"/>
    <property name="user.language" value="zh"/>
    <property name="java.specification.vendor" value="Oracle Corporation"/>
    <property name="java.home" value="C:\Program Files\Java\jdk1.8.0_121\jre"/>
    <property name="basedir" value="E:\javaProject\MySpringBoot"/>
    <property name="file.separator" value="\"/>
    <property name="line.separator" value="&#10;"/>
    <property name="idea.version2019.2.4" value="true"/>
    <property name="java.vm.specification.vendor" value="Oracle Corporation"/>
    <property name="java.specification.name" value="Java Platform API Specification"/>
    <property name="java.awt.graphicsenv" value="sun.awt.Win32GraphicsEnvironment"/>
    <property name="surefire.real.class.path" value="C:\Users\Lenovo\AppData\Local\Temp\surefire2855018569614392976\surefirebooter70702538207495785.jar"/>
    <property name="sun.boot.class.path" value="C:\Program Files\Java\jdk1.8.0_121\jre\lib\resources.jar;C:\Program Files\Java\jdk1.8.0_121\jre\lib\rt.jar;C:\Program Files\Java\jdk1.8.0_121\jre\lib\sunrsasign.jar;C:\Program Files\Java\jdk1.8.0_121\jre\lib\jsse.jar;C:\Program Files\Java\jdk1.8.0_121\jre\lib\jce.jar;C:\Program Files\Java\jdk1.8.0_121\jre\lib\charsets.jar;C:\Program Files\Java\jdk1.8.0_121\jre\lib\jfr.jar;C:\Program Files\Java\jdk1.8.0_121\jre\classes"/>
    <property name="user.script" value=""/>
    <property name="sun.management.compiler" value="HotSpot 64-Bit Tiered Compilers"/>
    <property name="java.runtime.version" value="1.8.0_121-b13"/>
    <property name="user.name" value="Lenovo"/>
    <property name="path.separator" value=";"/>
    <property name="os.version" value="10.0"/>
    <property name="java.endorsed.dirs" value="C:\Program Files\Java\jdk1.8.0_121\jre\lib\endorsed"/>
    <property name="java.runtime.name" value="Java(TM) SE Runtime Environment"/>
    <property name="file.encoding" value="GBK"/>
    <property name="java.vm.name" value="Java HotSpot(TM) 64-Bit Server VM"/>
    <property name="localRepository" value="E:\java\JavaWeb\Repository"/>
    <property name="java.vendor.url.bug" value="http://bugreport.sun.com/bugreport/"/>
    <property name="java.io.tmpdir" value="C:\Users\Lenovo\AppData\Local\Temp\"/>
    <property name="java.version" value="1.8.0_121"/>
    <property name="user.dir" value="E:\javaProject\MySpringBoot"/>
    <property name="os.arch" value="amd64"/>
    <property name="java.vm.specification.name" value="Java Virtual Machine Specification"/>
    <property name="java.awt.printerjob" value="sun.awt.windows.WPrinterJob"/>
    <property name="sun.os.patch.level" value=""/>
    <property name="java.library.path" value="C:\Program Files\Java\jdk1.8.0_121\jre\bin;C:\WINDOWS\Sun\Java\bin;C:\WINDOWS\system32;C:\WINDOWS;D:\Python\python\Scripts\;D:\Python\python\;C:\WINDOWS\system32;C:\WINDOWS;C:\WINDOWS\System32\Wbem;C:\WINDOWS\System32\WindowsPowerShell\v1.0\;C:\WINDOWS\System32\OpenSSH\;C:\Program Files\Java\jdk1.8.0_121\bin;D:\Program Files\Redis\;D:\Git\Git\cmd;C:\Users\Lenovo\AppData\Local\Microsoft\WindowsApps:C:\Program Files\Java\jdk1.8.0_121\bin;E:\JAVA2\JavaWeb\maven\apache-maven-3.6.3\bin;C:\Users\Lenovo\AppData\Local\Microsoft\WindowsApps;;."/>
    <property name="java.vm.info" value="mixed mode"/>
    <property name="java.vendor" value="Oracle Corporation"/>
    <property name="java.vm.version" value="25.121-b13"/>
    <property name="java.ext.dirs" value="C:\Program Files\Java\jdk1.8.0_121\jre\lib\ext;C:\WINDOWS\Sun\Java\lib\ext"/>
    <property name="sun.io.unicode.encoding" value="UnicodeLittle"/>
    <property name="maven.repo.local" value="E:\java\JavaWeb\Repository"/>
    <property name="java.class.version" value="52.0"/>
  </properties>
  <testcase name="contextLoads" classname="com.example.demo.ApplicationTests" time="0.575"/>
</testsuite>